Starting /usr/sbin/ocs-sr at 2017-12-12 21:05:34 CST...
*****************************************************.
Clonezilla image dir: /home/partimag
The selected devices: sdb
The selected devices: sdb
Searching for data partition(s)...
Searching for swap partition(s)...
The data partition to be saved:   sdb1 sdb2
The swap partition to be saved:  
The selected devices: sdb1 sdb2
Saving block devices info in /home/partimag/image/blkdev.list...
Saving block devices attributes in /home/partimag/image/blkid.list...
Checking the integrity of partition table in the disk /dev/sdb... 
Reading the partition table for /dev/sdb...RETVAL=0
*****************************************************.
Saving the primary GPT of sdb as /home/partimag/image/sdb-gpt-1st by dd...
34+0 records in
34+0 records out
17408 bytes (17 kB, 17 KiB) copied, 0.00368194 s, 4.7 MB/s
*****************************************************.
Saving the secondary GPT of sdb as /home/partimag/image/sdb-gpt-2nd by dd...
32+0 records in
32+0 records out
16384 bytes (16 kB, 16 KiB) copied, 0.00618237 s, 2.7 MB/s
*****************************************************.
Saving the GPT of sdb as /home/partimag/image/sdb-gpt.gdisk by gdisk...
The operation has completed successfully.
*****************************************************.
Saving the MBR data for sdb...
1+0 records in
1+0 records out
512 bytes copied, 0.00286253 s, 179 kB/s
Starting saving /dev/sdb1 as /home/partimag/image/sdb1.XXX...
/dev/sdb1 filesystem: ntfs.
*****************************************************.
*****************************************************.
Use partclone with pigz to save the image.
Image file will be split with size limit 4000 MB.
*****************************************************.
If this action fails or hangs, check:
* Is the disk full ?
*****************************************************.
Run partclone: partclone.ntfs -z 10485760 -L /var/log/partclone.log -c -s /dev/sdb1 --output - | pigz -c --fast -b 1024 -p 16 -R | split -b 4000m - /home/partimag/image/sdb1.ntfs-ptcl-img.gz. 2> /tmp/split_error.sKM9NO
Partclone v0.2.86 http://partclone.org
Starting to clone device (/dev/sdb1) to image (-)
Reading Super Block
we need memory: 615588 bytes
image head 4160, bitmap 607328, crc 4100 bytes
Calculating bitmap... Please wait... done!
File system:  NTFS
Device size:   19.9 GB = 4858623 Blocks
Space in use:  13.7 GB = 3351462 Blocks
Free Space:     6.2 GB = 1507161 Blocks
Block size:   4096 Byte
Total block 4858623
Syncing... OK!
Partclone successfully cloned the device (/dev/sdb1) to the image (-)
>>> Time elapsed: 788.93 secs (~ 13.148 mins)
*****************************************************.
Finished saving /dev/sdb1 as /home/partimag/image/sdb1.ntfs-ptcl-img.gz
*****************************************************.
Starting saving /dev/sdb2 as /home/partimag/image/sdb2.XXX...
/dev/sdb2 filesystem: vfat.
*****************************************************.
*****************************************************.
Use partclone with pigz to save the image.
Image file will be split with size limit 4000 MB.
*****************************************************.
If this action fails or hangs, check:
* Is the disk full ?
*****************************************************.
Run partclone: partclone.vfat -z 10485760 -L /var/log/partclone.log -c -s /dev/sdb2 --output - | pigz -c --fast -b 1024 -p 16 -R | split -b 4000m - /home/partimag/image/sdb2.vfat-ptcl-img.gz. 2> /tmp/split_error.2wwdxY
Partclone v0.2.86 http://partclone.org
Starting to clone device (/dev/sdb2) to image (-)
Reading Super Block
we need memory: 30276 bytes
image head 4160, bitmap 25600, crc 516 bytes
Calculating bitmap... Please wait... done!
File system:  FAT32
Device size:  104.9 MB = 204800 Blocks
Space in use:  29.1 MB = 56878 Blocks
Free Space:    75.7 MB = 147922 Blocks
Block size:   512 Byte
Total block 204800
Syncing... OK!
Partclone successfully cloned the device (/dev/sdb2) to the image (-)
>>> Time elapsed: 3.56 secs (~ .059 mins)
*****************************************************.
Finished saving /dev/sdb2 as /home/partimag/image/sdb2.vfat-ptcl-img.gz
*****************************************************.
End of saveparts job for image /home/partimag/image.
*****************************************************.
End of savedisk job for image image.
Checking if udevd rules have to be restored...
This program is not started by Clonezilla server, so skip notifying it the job is done.
Finished!
Now syncing - flush filesystem buffers...

Ending /usr/sbin/ocs-sr at 2017-12-12 21:19:02 CST...
